[14:15:30.027] Global cache location '/home/steiner/.cache/typescript/4.2', safe file path '/usr/local/share/.config/yarn/global/node_modules/typescript/lib/typingSafeList.json', types map path /usr/local/share/.config/yarn/global/node_modules/typescript/lib/typesMap.json
[14:15:30.028] Processing cache location '/home/steiner/.cache/typescript/4.2'
[14:15:30.028] Trying to find '/home/steiner/.cache/typescript/4.2/package.json'...
[14:15:30.036] Loaded content of '/home/steiner/.cache/typescript/4.2/package.json': {"private":true,"dependencies":{"types-registry":"^0.1.564"},"devDependencies":{"@types/abbrev":"^1.1.1","@types/accepts":"^1.3.5","@types/acorn":"^4.0.5","@types/ajv-errors":"^1.0.3","@types/align-text":"^1.0.1","@types/ansi-styles":"^3.2.1","@types/anymatch":"^1.3.1","@types/are-we-there-yet":"^1.1.0","@types/argparse":"^2.0.10","@types/arr-diff":"^4.0.0","@types/arr-union":"^3.1.0","@types/array-find-index":"^1.0.0","@types/array-unique":"^0.3.0","@types/asn1":"^0.2.0","@types/assert":"^1.5.5","@types/assert-plus":"^1.0.4","@types/async":"^3.2.7","@types/atob":"^2.1.2","@types/aws4":"^1.5.2","@types/babel-code-frame":"^6.20.5","@types/babel-core":"^6.25.6","@types/babel-generator":"^6.25.3","@types/babel-plugin-syntax-jsx":"^6.18.0","@types/babel-template":"^6.25.2","@types/babel-traverse":"^6.25.5","@types/babel-types":"^7.0.9","@types/babylon":"^6.16.5","@types/balanced-match":"^1.0.1","@types/big.js":"^6.1.1","@types/bluebird":"^3.5.36","@types/bn.js":"^5.1.0","@types/body-parser":"^1.19.1","@types/bonjour":"^3.5.9","@types/boolbase":"^1.0.0","@types/brace-expansion":"^1.1.0","@types/braces":"^3.0.1","@types/brorand":"^1.0.30","@types/buffer-from":"^1.1.0","@types/buffer-json":"^2.0.0","@types/buffer-xor":"^2.0.0","@types/bytes":"^3.1.1","@types/cacache":"^15.0.1","@types/call-bind":"^1.0.0","@types/caniuse-api":"^3.0.2","@types/caniuse-lite":"^1.0.1","@types/case-sensitive-paths-webpack-plugin":"^2.1.6","@types/caseless":"^0.12.2","@types/center-align":"^1.0.0","@types/check-types":"^7.3.3","@types/chownr":"^1.0.0","@types/cipher-base":"^1.0.0","@types/clean-css":"^4.2.5","@types/cli-spinners":"^1.3.0","@types/clone":"^2.1.1","@types/clone-deep":"^4.0.1","@types/co":"^4.6.2","@types/color":"^3.0.2","@types/color-convert":"^2.0.0","@types/color-name":"^1.1.1","@types/color-string":"^1.5.0","@types/combined-stream":"^1.0.3","@types/commondir":"^1.0.0","@types/component-emitter":"^1.2.10","@types/compressible":"^2.0.0","@types/compression":"^1.7.1","@types/concat-map":"0.0.0","@types/concat-stream":"^1.6.1","@types/connect-history-api-fallback":"^1.3.5","@types/consolidate":"^0.14.1","@types/content-disposition":"^0.5.4","@types/content-type":"^1.1.5","@types/convert-source-map":"^1.5.2","@types/cookie":"^0.4.1","@types/cookie-signature":"^1.0.3","@types/copy-webpack-plugin":"^8.0.1","@types/core-js":"^2.5.4","@types/create-hash":"^1.2.2","@types/create-hmac":"^1.1.0","@types/cross-spawn":"^6.0.2","@types/css-declaration-sorter":"^6.0.1","@types/css-selector-tokenizer":"^0.7.0","@types/css-tree":"^1.0.6","@types/cssesc":"^3.0.0","@types/cssnano":"^4.0.1","@types/csso":"^4.2.0","@types/cuint":"^0.2.1","@types/d":"^1.0.0","@types/dashdash":"^1.14.1","@types/debug":"^4.1.6","@types/decode-uri-component":"^0.2.0","@types/deep-equal":"^1.0.1","@types/default-gateway":"^3.0.1","@types/defaults":"^1.0.3","@types/define-properties":"^1.1.3","@types/defined":"^1.0.0","@types/depd":"^1.1.32","@types/destroy":"^1.0.0","@types/detect-node":"^2.0.0","@types/diff":"^5.0.1","@types/diffie-hellman":"^5.0.0","@types/dir-glob":"^2.0.1","@types/dns-packet":"^5.2.2","@types/doctrine":"0.0.4","@types/domhandler":"^2.4.2","@types/domutils":"^1.7.4","@types/duplexify":"^3.6.0","@types/ee-first":"^1.1.0","@types/ejs":"^3.0.7","@types/elliptic":"^6.4.13","@types/encodeurl":"^1.0.0","@types/end-of-stream":"^1.4.1","@types/enhanced-resolve":"^3.0.6","@types/entities":"^1.1.1","@types/es-abstract":"^1.17.3","@types/es-to-primitive":"^1.2.4","@types/es6-weak-map":"^1.2.0","@types/escape-html":"^1.0.1","@types/eslint":"^7.28.0","@types/eslint-scope":"^3.7.1","@types/eslint-visitor-keys":"^1.0.0","@types/esprima":"^4.0.3","@types/esquery":"^1.0.2","@types/estraverse":"^5.1.1","@types/etag":"^1.8.1","@types/event-emitter":"^0.3.3","@types/events":"^3.0.0","@types/eventsource":"^1.1.6","@types/express":"^4.17.13","@types/extend":"^3.0.1","@types/extract-text-webpack-plugin":"^3.0.5","@types/extsprintf":"^1.4.1","@types/fast-levenshtein":"0.0.2","@types/fibers":"^3.1.0","@types/file-entry-cache":"^5.0.2","@types/file-loader":"^5.0.1","@types/finalhandler":"^1.1.1","@types/find-cache-dir":"^3.2.1","@types/flat-cache":"^2.0.0","@types/flush-write-stream":"^1.0.0","@types/follow-redirects":"^1.13.1","@types/forever-agent":"^0.6.1","@types/forwarded":"^0.1.0","@types/fresh":"^0.5.0","@types/friendly-errors-webpack-plugin":"^0.1.3","@types/from2":"^2.3.1","@types/fs-extra":"^9.0.12","@types/function-bind":"^1.1.6","@types/functional-red-black-tree":"^1.0.1","@types/gaze":"^1.1.1","@types/get-caller-file":"^1.0.0","@types/get-intrinsic":"^1.0.0","@types/get-value":"^3.0.2","@types/getpass":"^0.1.1","@types/glob":"^7.1.4","@types/glob-parent":"^5.1.1","@types/glob-to-regexp":"^0.4.1","@types/globule":"^1.1.4","@types/graceful-fs":"^4.1.5","@types/has":"^1.0.0","@types/has-ansi":"^5.0.0","@types/has-symbols":"^1.0.0","@types/hash-sum":"^1.0.0","@types/he":"^1.1.2","@types/hex-color-regex":"^1.1.1","@types/hosted-git-info":"^3.0.2","@types/html-minifier":"^4.0.1","@types/html-webpack-plugin":"^3.2.6","@types/htmlparser2":"^3.10.3","@types/http-errors":"^1.8.1","@types/http-proxy":"^1.17.7","@types/icss-utils":"^4.1.0","@types/iferr":"^1.0.2","@types/imurmurhash":"^0.1.1","@types/inherits":"0.0.30","@types/interpret":"^1.1.1","@types/invariant":"^2.2.34","@types/ip":"^1.1.0","@types/is-arguments":"^1.0.0","@types/is-buffer":"^2.0.0","@types/is-callable":"^1.1.0","@types/is-ci":"^3.0.0","@types/is-core-module":"^2.2.0","@types/is-date-object":"^1.0.1","@types/is-finite":"^1.0.0","@types/is-glob":"^4.0.2","@types/is-number":"^7.0.1","@types/is-regex":"^1.0.0","@types/is-typedarray":"^1.0.0","@types/is-utf8":"^0.2.0","@types/is-windows":"^1.0.0","@types/isarray":"^2.0.0","@types/isexe":"^2.0.1","@types/isstream":"^0.1.0","@types/js-base64":"^3.0.0","@types/js-yaml":"^4.0.2","@types/jsbn":"^1.2.29","@types/jsesc":"^3.0.1","@types/json-parse-better-errors":"^1.0.0","@types/json-schema":"^7.0.8","@types/json-stringify-safe":"^5.0.0","@types/json3":"^3.3.2","@types/jsonfile":"^6.0.1","@types/kind-of":"^6.0.0","@types/loader-runner":"^2.2.4","@types/loader-utils":"^2.0.3","@types/lodash":"^4.14.171","@types/lodash.camelcase":"^4.3.6","@types/lodash.clonedeep":"^4.5.6","@types/lodash.debounce":"^4.0.6","@types/lodash.defaultsdeep":"^4.6.6","@types/lodash.kebabcase":"^4.1.6","@types/lodash.mapvalues":"^4.6.6","@types/lodash.memoize":"^4.1.6","@types/lodash.transform":"^4.6.6","@types/lodash.truncate":"^4.4.6","@types/lodash.uniq":"^4.5.6","@types/lru-cache":"^5.1.1","@types/math-expression-evaluator":"^1.2.0","@types/media-typer":"^1.1.1","@types/memory-fs":"^0.3.3","@types/merge-descriptors":"^1.0.1","@types/merge-stream":"^1.1.2","@types/merge2":"^1.3.1","@types/methods":"^1.1.1","@types/micromatch":"^4.0.2","@types/mime":"^2.0.3","@types/mime-db":"^1.43.1","@types/mime-types":"^2.1.0","@types/mini-css-extract-plugin":"^2.0.1","@types/minimalistic-assert":"^1.0.1","@types/minimatch":"^3.0.5","@types/minimist":"^1.2.2","@types/minipass":"^2.2.1","@types/mkdirp":"^1.0.2","@types/move-concurrently":"^1.0.4","@types/ms":"^0.7.31","@types/multicast-dns":"^7.2.1","@types/mz":"^2.7.4","@types/natural-compare":"^1.4.1","@types/negotiator":"^0.6.1","@types/next-tick":"^1.0.0","@types/nice-try":"^2.1.0","@types/node":"^15.3.0","@types/node-forge":"^0.10.2","@types/node-ipc":"^9.1.5","@types/node-notifier":"^8.0.0","@types/node-sass":"^4.11.2","@types/nopt":"^3.0.29","@types/normalize-package-data":"^2.4.1","@types/normalize-path":"^3.0.0","@types/normalize-wheel":"^1.0.0","@types/npmlog":"^4.1.3","@types/num2fraction":"^1.2.0","@types/number-is-nan":"^2.0.0","@types/object-assign":"^4.0.30","@types/object-inspect":"^1.8.1","@types/object-keys":"^1.0.1","@types/object.getownpropertydescriptors":"^2.1.1","@types/object.pick":"^1.3.1","@types/on-finished":"^2.3.1","@types/on-headers":"^1.0.0","@types/once":"^1.4.0","@types/opener":"^1.4.0","@types/optimize-css-assets-webpack-plugin":"^5.0.3","@types/original":"^1.0.0","@types/os-homedir":"^1.0.0","@types/os-tmpdir":"^1.0.0","@types/osenv":"^0.1.0","@types/pako":"^1.0.2","@types/parallel-transform":"^1.1.1","@types/parse-json":"^4.0.0","@types/parse5":"^6.0.1","@types/parse5-htmlparser2-tree-adapter":"^6.0.1","@types/parseurl":"^1.3.1","@types/pascalcase":"^1.0.0","@types/path-is-absolute":"^1.0.0","@types/path-is-inside":"^1.0.0","@types/path-parse":"^1.0.19","@types/pbkdf2":"^3.1.0","@types/picomatch":"^2.2.5","@types/pify":"^5.0.1","@types/postcss-calc":"^7.0.2","@types/postcss-import":"^12.0.0","@types/postcss-load-config":"^2.0.1","@types/postcss-modules-extract-imports":"^3.0.2","@types/postcss-modules-local-by-default":"^1.2.2","@types/postcss-modules-scope":"^1.1.2","@types/postcss-modules-values":"^3.0.0","@types/postcss-url":"^8.0.1","@types/prelude-ls":"^1.1.29","@types/prettier":"^2.3.2","@types/progress":"^2.0.4","@types/promise-inflight":"^1.0.0","@types/proxy-addr":"^2.0.0","@types/psl":"^1.1.0","@types/pump":"^1.1.1","@types/pumpify":"^1.4.1","@types/punycode":"^2.1.0","@types/q":"^1.5.5","@types/qs":"^6.9.7","@types/querystringify":"^2.0.0","@types/randombytes":"^2.0.0","@types/range-parser":"^1.2.4","@types/readable-stream":"^2.3.11","@types/rechoir":"^0.6.1","@types/regenerate":"^1.4.1","@types/regenerator-runtime":"^0.13.1","@types/relateurl":"^0.2.29","@types/repeat-element":"^1.1.0","@types/repeat-string":"^1.6.1","@types/repeating":"^3.0.0","@types/request":"^2.48.6","@types/require-directory":"^2.1.2","@types/require-from-string":"^1.2.1","@types/requires-port":"^1.0.0","@types/resolve":"^1.20.1","@types/retry":"^0.12.1","@types/right-align":"^0.1.0","@types/rimraf":"^3.0.1","@types/ripemd160":"^2.0.0","@types/run-parallel":"^1.1.0","@types/safe-regex":"^1.1.3","@types/safer-buffer":"^2.1.0","@types/sass":"^1.16.0","@types/sass-graph":"^2.1.3","@types/sass-loader":"^8.0.2","@types/sax":"^1.2.3","@types/semver":"^7.3.7","@types/send":"^0.17.1","@types/serialize-javascript":"^5.0.1","@types/serve-index":"^1.9.1","@types/serve-static":"^1.13.10","@types/set-value":"^4.0.1","@types/setimmediate":"^1.0.2","@types/sha.js":"^2.4.0","@types/shebang-command":"^1.2.0","@types/shell-quote":"^1.7.1","@types/shelljs":"^0.8.8","@types/signal-exit":"^3.0.1","@types/slice-ansi":"^5.0.0","@types/sockjs":"^0.3.33","@types/sockjs-client":"^1.5.1","@types/source-list-map":"^0.1.2","@types/source-map-support":"^0.5.4","@types/spdx-correct":"^2.0.0","@types/spdx-expression-parse":"^3.0.1","@types/spdy":"^3.4.5","@types/sprintf":"^0.1.0","@types/sprintf-js":"^1.1.2","@types/sshpk":"^1.10.6","@types/ssri":"^7.1.1","@types/statuses":"^2.0.0","@types/stdout-stream":"^1.4.0","@types/stream-each":"^1.2.0","@types/stream-shift":"^1.0.0","@types/strict-uri-encode":"^2.0.0","@types/string-hash":"^1.1.1","@types/strip-final-newline":"^3.0.0","@types/supports-color":"^8.1.1","@types/svg-tags":"^1.0.0","@types/svgo":"^2.3.1","@types/tapable":"^2.2.2","@types/tar":"^4.0.5","@types/terser-webpack-plugin":"^5.0.4","@types/text-table":"^0.2.2","@types/through2":"^2.0.36","@types/thunky":"^1.1.0","@types/timsort":"^0.3.0","@types/toposort":"^2.0.3","@types/tough-cookie":"^4.0.1","@types/tryer":"^1.0.2","@types/type-check":"^0.3.27","@types/type-is":"^1.6.3","@types/uglify-es":"^3.0.0","@types/uglify-js":"^3.13.1","@types/uglifyjs-webpack-plugin":"^1.1.1","@types/uniq":"0.0.27","@types/universalify":"^1.0.0","@types/urix":"^0.1.0","@types/url-parse":"^1.4.3","@types/util-deprecate":"^1.0.0","@types/util.promisify":"^1.0.4","@types/utils-merge":"0.0.28","@types/uuid":"^8.3.1","@types/validate-npm-package-license":"^3.0.1","@types/vary":"^1.1.0","@types/verror":"^1.10.5","@types/watchpack":"^1.1.7","@types/wcwidth":"^1.0.0","@types/webpack":"^5.28.0","@types/webpack-bundle-analyzer":"^4.4.1","@types/webpack-dev-middleware":"^5.0.1","@types/webpack-dev-server":"^3.11.5","@types/webpack-sources":"^2.1.1","@types/which":"^2.0.1","@types/window-size":"^0.2.5","@types/wordwrap":"^1.0.0","@types/wrap-ansi":"^8.0.1","@types/ws":"^7.4.7","@types/xtend":"^4.0.3","@types/xxhashjs":"^0.2.2","@types/y18n":"^4.0.0","@types/yallist":"^4.0.1","@types/yargs":"^17.0.2","@types/yargs-parser":"^20.2.1"}}
[14:15:30.037] Loaded content of '/home/steiner/.cache/typescript/4.2/package-lock.json'
[14:15:30.047] Adding entry into typings cache: 'abbrev' => '/home/steiner/disk/disk1/cache/typescript/4.2/node_modules/@types/abbrev/index.d.ts'
[14:15:30.049] Adding entry into typings cache: 'accepts' => '/home/steiner/disk/disk1/cache/typescript/4.2/node_modules/@types/accepts/index.d.ts'
[14:15:30.053] Adding entry into typings cache: 'acorn' => '/home/steiner/disk/disk1/cache/typescript/4.2/node_modules/acorn/dist/acorn.d.ts'
[14:15:30.056] Adding entry into typings cache: 'ajv-errors' => '/home/steiner/disk/disk1/cache/typescript/4.2/node_modules/@types/ajv-errors/index.d.ts'
[14:15:30.061] Adding entry into typings cache: 'align-text' => '/home/steiner/disk/disk1/cache/typescript/4.2/node_modules/@types/align-text/index.d.ts'
[14:15:30.066] Adding entry into typings cache: 'ansi-styles' => '/home/steiner/disk/disk1/cache/typescript/4.2/node_modules/@types/ansi-styles/index.d.ts'
[14:15:30.069] Adding entry into typings cache: 'anymatch' => '/home/steiner/disk/disk1/cache/typescript/4.2/node_modules/anymatch/index.d.ts'
[14:15:30.071] Adding entry into typings cache: 'are-we-there-yet' => '/home/steiner/disk/disk1/cache/typescript/4.2/node_modules/@types/are-we-there-yet/index.d.ts'
[14:15:30.075] Adding entry into typings cache: 'argparse' => '/home/steiner/disk/disk1/cache/typescript/4.2/node_modules/@types/argparse/index.d.ts'
[14:15:30.081] Adding entry into typings cache: 'arr-diff' => '/home/steiner/disk/disk1/cache/typescript/4.2/node_modules/@types/arr-diff/index.d.ts'
[14:15:30.085] Adding entry into typings cache: 'arr-union' => '/home/steiner/disk/disk1/cache/typescript/4.2/node_modules/@types/arr-union/index.d.ts'
[14:15:30.089] Adding entry into typings cache: 'array-find-index' => '/home/steiner/disk/disk1/cache/typescript/4.2/node_modules/@types/array-find-index/index.d.ts'
[14:15:30.094] Adding entry into typings cache: 'array-unique' => '/home/steiner/disk/disk1/cache/typescript/4.2/node_modules/@types/array-unique/index.d.ts'
[14:15:30.097] Adding entry into typings cache: 'asn1' => '/home/steiner/disk/disk1/cache/typescript/4.2/node_modules/@types/asn1/index.d.ts'
[14:15:30.099] Adding entry into typings cache: 'assert' => '/home/steiner/disk/disk1/cache/typescript/4.2/node_modules/@types/assert/index.d.ts'
[14:15:30.102] Adding entry into typings cache: 'assert-plus' => '/home/steiner/disk/disk1/cache/typescript/4.2/node_modules/@types/assert-plus/index.d.ts'
[14:15:30.105] Adding entry into typings cache: 'async' => '/home/steiner/disk/disk1/cache/typescript/4.2/node_modules/@types/async/index.d.ts'
[14:15:30.109] Adding entry into typings cache: 'atob' => '/home/steiner/disk/disk1/cache/typescript/4.2/node_modules/@types/atob/index.d.ts'
[14:15:30.112] Adding entry into typings cache: 'aws4' => '/home/steiner/disk/disk1/cache/typescript/4.2/node_modules/@types/aws4/index.d.ts'
[14:15:30.114] Adding entry into typings cache: 'babel-code-frame' => '/home/steiner/disk/disk1/cache/typescript/4.2/node_modules/@types/babel-code-frame/index.d.ts'
[14:15:30.117] Adding entry into typings cache: 'babel-core' => '/home/steiner/disk/disk1/cache/typescript/4.2/node_modules/@types/babel-core/index.d.ts'
[14:15:30.120] Adding entry into typings cache: 'babel-generator' => '/home/steiner/disk/disk1/cache/typescript/4.2/node_modules/@types/babel-generator/index.d.ts'
[14:15:30.122] Adding entry into typings cache: 'babel-plugin-syntax-jsx' => '/home/steiner/disk/disk1/cache/typescript/4.2/node_modules/@types/babel-plugin-syntax-jsx/index.d.ts'
[14:15:30.124] Adding entry into typings cache: 'babel-template' => '/home/steiner/disk/disk1/cache/typescript/4.2/node_modules/@types/babel-template/index.d.ts'
[14:15:30.126] Adding entry into typings cache: 'babel-traverse' => '/home/steiner/disk/disk1/cache/typescript/4.2/node_modules/@types/babel-traverse/index.d.ts'
[14:15:30.128] Adding entry into typings cache: 'babel-types' => '/home/steiner/disk/disk1/cache/typescript/4.2/node_modules/@types/babel-types/index.d.ts'
[14:15:30.130] Adding entry into typings cache: 'babylon' => '/home/steiner/disk/disk1/cache/typescript/4.2/node_modules/@types/babylon/index.d.ts'
[14:15:30.133] Adding entry into typings cache: 'balanced-match' => '/home/steiner/disk/disk1/cache/typescript/4.2/node_modules/@types/balanced-match/index.d.ts'
[14:15:30.137] Adding entry into typings cache: 'big.js' => '/home/steiner/disk/disk1/cache/typescript/4.2/node_modules/@types/big.js/index.d.ts'
[14:15:30.140] Adding entry into typings cache: 'bluebird' => '/home/steiner/disk/disk1/cache/typescript/4.2/node_modules/@types/bluebird/index.d.ts'
[14:15:30.147] Adding entry into typings cache: 'bn.js' => '/home/steiner/disk/disk1/cache/typescript/4.2/node_modules/@types/bn.js/index.d.ts'
[14:15:30.151] Adding entry into typings cache: 'body-parser' => '/home/steiner/disk/disk1/cache/typescript/4.2/node_modules/@types/body-parser/index.d.ts'
[14:15:30.153] Adding entry into typings cache: 'bonjour' => '/home/steiner/disk/disk1/cache/typescript/4.2/node_modules/@types/bonjour/index.d.ts'
[14:15:30.155] Adding entry into typings cache: 'boolbase' => '/home/steiner/disk/disk1/cache/typescript/4.2/node_modules/@types/boolbase/index.d.ts'
[14:15:30.157] Adding entry into typings cache: 'brace-expansion' => '/home/steiner/disk/disk1/cache/typescript/4.2/node_modules/@types/brace-expansion/index.d.ts'
[14:15:30.164] Adding entry into typings cache: 'braces' => '/home/steiner/disk/disk1/cache/typescript/4.2/node_modules/@types/braces/index.d.ts'
[14:15:30.168] Adding entry into typings cache: 'brorand' => '/home/steiner/disk/disk1/cache/typescript/4.2/node_modules/@types/brorand/index.d.ts'
[14:15:30.172] Adding entry into typings cache: 'buffer-from' => '/home/steiner/disk/disk1/cache/typescript/4.2/node_modules/@types/buffer-from/index.d.ts'
[14:15:30.174] Adding entry into typings cache: 'buffer-json' => '/home/steiner/disk/disk1/cache/typescript/4.2/node_modules/@types/buffer-json/index.d.ts'
[14:15:30.177] Adding entry into typings cache: 'buffer-xor' => '/home/steiner/disk/disk1/cache/typescript/4.2/node_modules/@types/buffer-xor/index.d.ts'
[14:15:30.179] Adding entry into typings cache: 'bytes' => '/home/steiner/disk/disk1/cache/typescript/4.2/node_modules/@types/bytes/index.d.ts'
[14:15:30.181] Adding entry into typings cache: 'cacache' => '/home/steiner/disk/disk1/cache/typescript/4.2/node_modules/@types/cacache/index.d.ts'
[14:15:30.182] Adding entry into typings cache: 'call-bind' => '/home/steiner/disk/disk1/cache/typescript/4.2/node_modules/@types/call-bind/index.d.ts'
[14:15:30.184] Adding entry into typings cache: 'caniuse-api' => '/home/steiner/disk/disk1/cache/typescript/4.2/node_modules/@types/caniuse-api/index.d.ts'
[14:15:30.188] Adding entry into typings cache: 'caniuse-lite' => '/home/steiner/disk/disk1/cache/typescript/4.2/node_modules/@types/caniuse-lite/index.d.ts'
[14:15:30.190] Adding entry into typings cache: 'case-sensitive-paths-webpack-plugin' => '/home/steiner/disk/disk1/cache/typescript/4.2/node_modules/@types/case-sensitive-paths-webpack-plugin/index.d.ts'
[14:15:30.192] Adding entry into typings cache: 'caseless' => '/home/steiner/disk/disk1/cache/typescript/4.2/node_modules/@types/caseless/index.d.ts'
[14:15:30.195] Adding entry into typings cache: 'center-align' => '/home/steiner/disk/disk1/cache/typescript/4.2/node_modules/@types/center-align/index.d.ts'
[14:15:30.197] Adding entry into typings cache: 'check-types' => '/home/steiner/disk/disk1/cache/typescript/4.2/node_modules/@types/check-types/index.d.ts'
[14:15:30.199] Adding entry into typings cache: 'chownr' => '/home/steiner/disk/disk1/cache/typescript/4.2/node_modules/@types/chownr/index.d.ts'
[14:15:30.201] Adding entry into typings cache: 'cipher-base' => '/home/steiner/disk/disk1/cache/typescript/4.2/node_modules/@types/cipher-base/index.d.ts'
[14:15:30.203] Adding entry into typings cache: 'clean-css' => '/home/steiner/disk/disk1/cache/typescript/4.2/node_modules/@types/clean-css/index.d.ts'
[14:15:30.204] Adding entry into typings cache: 'cli-spinners' => '/home/steiner/disk/disk1/cache/typescript/4.2/node_modules/@types/cli-spinners/index.d.ts'
[14:15:30.206] Adding entry into typings cache: 'clone' => '/home/steiner/disk/disk1/cache/typescript/4.2/node_modules/@types/clone/index.d.ts'
[14:15:30.207] Adding entry into typings cache: 'clone-deep' => '/home/steiner/disk/disk1/cache/typescript/4.2/node_modules/@types/clone-deep/index.d.ts'
[14:15:30.209] Adding entry into typings cache: 'co' => '/home/steiner/disk/disk1/cache/typescript/4.2/node_modules/@types/co/index.d.ts'
[14:15:30.211] Adding entry into typings cache: 'color' => '/home/steiner/disk/disk1/cache/typescript/4.2/node_modules/@types/color/index.d.ts'
[14:15:30.215] Adding entry into typings cache: 'color-convert' => '/home/steiner/disk/disk1/cache/typescript/4.2/node_modules/@types/color-convert/index.d.ts'
[14:15:30.223] Adding entry into typings cache: 'color-name' => '/home/steiner/disk/disk1/cache/typescript/4.2/node_modules/@types/color-name/index.d.ts'
[14:15:30.226] Adding entry into typings cache: 'color-string' => '/home/steiner/disk/disk1/cache/typescript/4.2/node_modules/@types/color-string/index.d.ts'
[14:15:30.230] Adding entry into typings cache: 'combined-stream' => '/home/steiner/disk/disk1/cache/typescript/4.2/node_modules/@types/combined-stream/index.d.ts'
[14:15:30.231] Adding entry into typings cache: 'commondir' => '/home/steiner/disk/disk1/cache/typescript/4.2/node_modules/@types/commondir/index.d.ts'
[14:15:30.235] Adding entry into typings cache: 'component-emitter' => '/home/steiner/disk/disk1/cache/typescript/4.2/node_modules/@types/component-emitter/index.d.ts'
[14:15:30.236] Adding entry into typings cache: 'compressible' => '/home/steiner/disk/disk1/cache/typescript/4.2/node_modules/@types/compressible/index.d.ts'
[14:15:30.240] Adding entry into typings cache: 'compression' => '/home/steiner/disk/disk1/cache/typescript/4.2/node_modules/@types/compression/index.d.ts'
[14:15:30.244] Adding entry into typings cache: 'concat-map' => '/home/steiner/disk/disk1/cache/typescript/4.2/node_modules/@types/concat-map/index.d.ts'
[14:15:30.248] Adding entry into typings cache: 'concat-stream' => '/home/steiner/disk/disk1/cache/typescript/4.2/node_modules/@types/concat-stream/index.d.ts'
[14:15:30.253] Adding entry into typings cache: 'connect-history-api-fallback' => '/home/steiner/disk/disk1/cache/typescript/4.2/node_modules/@types/connect-history-api-fallback/index.d.ts'
[14:15:30.257] Adding entry into typings cache: 'consolidate' => '/home/steiner/disk/disk1/cache/typescript/4.2/node_modules/@types/consolidate/index.d.ts'
[14:15:30.260] Adding entry into typings cache: 'content-disposition' => '/home/steiner/disk/disk1/cache/typescript/4.2/node_modules/@types/content-disposition/index.d.ts'
[14:15:30.264] Adding entry into typings cache: 'content-type' => '/home/steiner/disk/disk1/cache/typescript/4.2/node_modules/@types/content-type/index.d.ts'
[14:15:30.267] Adding entry into typings cache: 'convert-source-map' => '/home/steiner/disk/disk1/cache/typescript/4.2/node_modules/@types/convert-source-map/index.d.ts'
[14:15:30.270] Adding entry into typings cache: 'cookie' => '/home/steiner/disk/disk1/cache/typescript/4.2/node_modules/@types/cookie/index.d.ts'
[14:15:30.273] Adding entry into typings cache: 'cookie-signature' => '/home/steiner/disk/disk1/cache/typescript/4.2/node_modules/@types/cookie-signature/index.d.ts'
[14:15:30.276] Adding entry into typings cache: 'copy-webpack-plugin' => '/home/steiner/disk/disk1/cache/typescript/4.2/node_modules/@types/copy-webpack-plugin/index.d.ts'
[14:15:30.278] Adding entry into typings cache: 'core-js' => '/home/steiner/disk/disk1/cache/typescript/4.2/node_modules/@types/core-js/index.d.ts'
[14:15:30.280] Adding entry into typings cache: 'create-hash' => '/home/steiner/disk/disk1/cache/typescript/4.2/node_modules/@types/create-hash/index.d.ts'
[14:15:30.282] Adding entry into typings cache: 'create-hmac' => '/home/steiner/disk/disk1/cache/typescript/4.2/node_modules/@types/create-hmac/index.d.ts'
[14:15:30.285] Adding entry into typings cache: 'cross-spawn' => '/home/steiner/disk/disk1/cache/typescript/4.2/node_modules/@types/cross-spawn/index.d.ts'
[14:15:30.291] Adding entry into typings cache: 'css-declaration-sorter' => '/home/steiner/disk/disk1/cache/typescript/4.2/node_modules/@types/css-declaration-sorter/index.d.ts'
[14:15:30.294] Adding entry into typings cache: 'css-selector-tokenizer' => '/home/steiner/disk/disk1/cache/typescript/4.2/node_modules/@types/css-selector-tokenizer/index.d.ts'
[14:15:30.297] Adding entry into typings cache: 'css-tree' => '/home/steiner/disk/disk1/cache/typescript/4.2/node_modules/@types/css-tree/index.d.ts'
[14:15:30.299] Adding entry into typings cache: 'cssesc' => '/home/steiner/disk/disk1/cache/typescript/4.2/node_modules/@types/cssesc/index.d.ts'
[14:15:30.302] Adding entry into typings cache: 'cssnano' => '/home/steiner/disk/disk1/cache/typescript/4.2/node_modules/@types/cssnano/index.d.ts'
[14:15:30.304] Adding entry into typings cache: 'csso' => '/home/steiner/disk/disk1/cache/typescript/4.2/node_modules/@types/csso/index.d.ts'
[14:15:30.306] Adding entry into typings cache: 'cuint' => '/home/steiner/disk/disk1/cache/typescript/4.2/node_modules/@types/cuint/index.d.ts'
[14:15:30.308] Adding entry into typings cache: 'd' => '/home/steiner/disk/disk1/cache/typescript/4.2/node_modules/@types/d/index.d.ts'
[14:15:30.310] Adding entry into typings cache: 'dashdash' => '/home/steiner/disk/disk1/cache/typescript/4.2/node_modules/@types/dashdash/index.d.ts'
[14:15:30.314] Adding entry into typings cache: 'debug' => '/home/steiner/disk/disk1/cache/typescript/4.2/node_modules/@types/debug/index.d.ts'
[14:15:30.319] Adding entry into typings cache: 'decode-uri-component' => '/home/steiner/disk/disk1/cache/typescript/4.2/node_modules/@types/decode-uri-component/index.d.ts'
[14:15:30.322] Adding entry into typings cache: 'deep-equal' => '/home/steiner/disk/disk1/cache/typescript/4.2/node_modules/@types/deep-equal/index.d.ts'
[14:15:30.325] Adding entry into typings cache: 'default-gateway' => '/home/steiner/disk/disk1/cache/typescript/4.2/node_modules/@types/default-gateway/index.d.ts'
[14:15:30.328] Adding entry into typings cache: 'defaults' => '/home/steiner/disk/disk1/cache/typescript/4.2/node_modules/@types/defaults/index.d.ts'
[14:15:30.330] Adding entry into typings cache: 'define-properties' => '/home/steiner/disk/disk1/cache/typescript/4.2/node_modules/@types/define-properties/index.d.ts'
[14:15:30.332] Adding entry into typings cache: 'defined' => '/home/steiner/disk/disk1/cache/typescript/4.2/node_modules/@types/defined/index.d.ts'
[14:15:30.334] Adding entry into typings cache: 'depd' => '/home/steiner/disk/disk1/cache/typescript/4.2/node_modules/@types/depd/index.d.ts'
[14:15:30.336] Adding entry into typings cache: 'destroy' => '/home/steiner/disk/disk1/cache/typescript/4.2/node_modules/@types/destroy/index.d.ts'
[14:15:30.337] Adding entry into typings cache: 'detect-node' => '/home/steiner/disk/disk1/cache/typescript/4.2/node_modules/@types/detect-node/index.d.ts'
[14:15:30.338] Adding entry into typings cache: 'diff' => '/home/steiner/disk/disk1/cache/typescript/4.2/node_modules/@types/diff/index.d.ts'
[14:15:30.340] Adding entry into typings cache: 'diffie-hellman' => '/home/steiner/disk/disk1/cache/typescript/4.2/node_modules/@types/diffie-hellman/index.d.ts'
[14:15:30.343] Adding entry into typings cache: 'dir-glob' => '/home/steiner/disk/disk1/cache/typescript/4.2/node_modules/@types/dir-glob/index.d.ts'
[14:15:30.345] Adding entry into typings cache: 'dns-packet' => '/home/steiner/disk/disk1/cache/typescript/4.2/node_modules/@types/dns-packet/index.d.ts'
[14:15:30.347] Adding entry into typings cache: 'doctrine' => '/home/steiner/disk/disk1/cache/typescript/4.2/node_modules/@types/doctrine/index.d.ts'
[14:15:30.353] Adding entry into typings cache: 'domhandler' => '/home/steiner/disk/disk1/cache/typescript/4.2/node_modules/@types/domhandler/index.d.ts'
[14:15:30.363] Adding entry into typings cache: 'domutils' => '/home/steiner/disk/disk1/cache/typescript/4.2/node_modules/@types/domutils/index.d.ts'
[14:15:30.366] Adding entry into typings cache: 'duplexify' => '/home/steiner/disk/disk1/cache/typescript/4.2/node_modules/@types/duplexify/index.d.ts'
[14:15:30.369] Adding entry into typings cache: 'ee-first' => '/home/steiner/disk/disk1/cache/typescript/4.2/node_modules/@types/ee-first/index.d.ts'
[14:15:30.371] Adding entry into typings cache: 'ejs' => '/home/steiner/disk/disk1/cache/typescript/4.2/node_modules/@types/ejs/index.d.ts'
[14:15:30.374] Adding entry into typings cache: 'elliptic' => '/home/steiner/disk/disk1/cache/typescript/4.2/node_modules/@types/elliptic/index.d.ts'
[14:15:30.380] Adding entry into typings cache: 'encodeurl' => '/home/steiner/disk/disk1/cache/typescript/4.2/node_modules/@types/encodeurl/index.d.ts'
[14:15:30.382] Adding entry into typings cache: 'end-of-stream' => '/home/steiner/disk/disk1/cache/typescript/4.2/node_modules/@types/end-of-stream/index.d.ts'
[14:15:30.384] Adding entry into typings cache: 'enhanced-resolve' => '/home/steiner/disk/disk1/cache/typescript/4.2/node_modules/enhanced-resolve/types.d.ts'
[14:15:30.386] Adding entry into typings cache: 'entities' => '/home/steiner/disk/disk1/cache/typescript/4.2/node_modules/@types/entities/index.d.ts'
[14:15:30.387] Adding entry into typings cache: 'es-abstract' => '/home/steiner/disk/disk1/cache/typescript/4.2/node_modules/@types/es-abstract/index.d.ts'
[14:15:30.388] Adding entry into typings cache: 'es-to-primitive' => '/home/steiner/disk/disk1/cache/typescript/4.2/node_modules/@types/es-to-primitive/index.d.ts'
[14:15:30.390] Adding entry into typings cache: 'es6-weak-map' => '/home/steiner/disk/disk1/cache/typescript/4.2/node_modules/@types/es6-weak-map/index.d.ts'
[14:15:30.391] Adding entry into typings cache: 'escape-html' => '/home/steiner/disk/disk1/cache/typescript/4.2/node_modules/@types/escape-html/index.d.ts'
[14:15:30.392] Adding entry into typings cache: 'eslint' => '/home/steiner/disk/disk1/cache/typescript/4.2/node_modules/@types/eslint/index.d.ts'
[14:15:30.395] Adding entry into typings cache: 'eslint-scope' => '/home/steiner/disk/disk1/cache/typescript/4.2/node_modules/@types/eslint-scope/index.d.ts'
[14:15:30.396] Adding entry into typings cache: 'eslint-visitor-keys' => '/home/steiner/disk/disk1/cache/typescript/4.2/node_modules/@types/eslint-visitor-keys/index.d.ts'
[14:15:30.401] Adding entry into typings cache: 'esprima' => '/home/steiner/disk/disk1/cache/typescript/4.2/node_modules/@types/esprima/index.d.ts'
[14:15:30.403] Adding entry into typings cache: 'esquery' => '/home/steiner/disk/disk1/cache/typescript/4.2/node_modules/@types/esquery/index.d.ts'
[14:15:30.405] Adding entry into typings cache: 'estraverse' => '/home/steiner/disk/disk1/cache/typescript/4.2/node_modules/@types/estraverse/index.d.ts'
[14:15:30.407] Adding entry into typings cache: 'etag' => '/home/steiner/disk/disk1/cache/typescript/4.2/node_modules/@types/etag/index.d.ts'
[14:15:30.408] Adding entry into typings cache: 'event-emitter' => '/home/steiner/disk/disk1/cache/typescript/4.2/node_modules/@types/event-emitter/index.d.ts'
[14:15:30.411] Adding entry into typings cache: 'events' => '/home/steiner/disk/disk1/cache/typescript/4.2/node_modules/@types/events/index.d.ts'
[14:15:30.412] Adding entry into typings cache: 'eventsource' => '/home/steiner/disk/disk1/cache/typescript/4.2/node_modules/@types/eventsource/index.d.ts'
[14:15:30.414] Adding entry into typings cache: 'express' => '/home/steiner/disk/disk1/cache/typescript/4.2/node_modules/@types/express/index.d.ts'
[14:15:30.416] Adding entry into typings cache: 'extend' => '/home/steiner/disk/disk1/cache/typescript/4.2/node_modules/@types/extend/index.d.ts'
[14:15:30.418] Adding entry into typings cache: 'extract-text-webpack-plugin' => '/home/steiner/disk/disk1/cache/typescript/4.2/node_modules/@types/extract-text-webpack-plugin/index.d.ts'
[14:15:30.423] Adding entry into typings cache: 'extsprintf' => '/home/steiner/disk/disk1/cache/typescript/4.2/node_modules/@types/extsprintf/index.d.ts'
[14:15:30.426] Adding entry into typings cache: 'fast-levenshtein' => '/home/steiner/disk/disk1/cache/typescript/4.2/node_modules/@types/fast-levenshtein/index.d.ts'
[14:15:30.428] Adding entry into typings cache: 'fibers' => '/home/steiner/disk/disk1/cache/typescript/4.2/node_modules/@types/fibers/index.d.ts'
[14:15:30.430] Adding entry into typings cache: 'file-entry-cache' => '/home/steiner/disk/disk1/cache/typescript/4.2/node_modules/@types/file-entry-cache/index.d.ts'
[14:15:30.431] Adding entry into typings cache: 'file-loader' => '/home/steiner/disk/disk1/cache/typescript/4.2/node_modules/@types/file-loader/index.d.ts'
[14:15:30.433] Adding entry into typings cache: 'finalhandler' => '/home/steiner/disk/disk1/cache/typescript/4.2/node_modules/@types/finalhandler/index.d.ts'
[14:15:30.434] Adding entry into typings cache: 'find-cache-dir' => '/home/steiner/disk/disk1/cache/typescript/4.2/node_modules/@types/find-cache-dir/index.d.ts'
[14:15:30.436] Adding entry into typings cache: 'flat-cache' => '/home/steiner/disk/disk1/cache/typescript/4.2/node_modules/@types/flat-cache/index.d.ts'
[14:15:30.437] Adding entry into typings cache: 'flush-write-stream' => '/home/steiner/disk/disk1/cache/typescript/4.2/node_modules/@types/flush-write-stream/index.d.ts'
[14:15:30.441] Adding entry into typings cache: 'follow-redirects' => '/home/steiner/disk/disk1/cache/typescript/4.2/node_modules/@types/follow-redirects/index.d.ts'
[14:15:30.443] Adding entry into typings cache: 'forever-agent' => '/home/steiner/disk/disk1/cache/typescript/4.2/node_modules/@types/forever-agent/index.d.ts'
[14:15:30.445] Adding entry into typings cache: 'forwarded' => '/home/steiner/disk/disk1/cache/typescript/4.2/node_modules/@types/forwarded/index.d.ts'
[14:15:30.447] Adding entry into typings cache: 'fresh' => '/home/steiner/disk/disk1/cache/typescript/4.2/node_modules/@types/fresh/index.d.ts'
[14:15:30.448] Adding entry into typings cache: 'friendly-errors-webpack-plugin' => '/home/steiner/disk/disk1/cache/typescript/4.2/node_modules/@types/friendly-errors-webpack-plugin/index.d.ts'
[14:15:30.450] Adding entry into typings cache: 'from2' => '/home/steiner/disk/disk1/cache/typescript/4.2/node_modules/@types/from2/index.d.ts'
[14:15:30.452] Adding entry into typings cache: 'fs-extra' => '/home/steiner/disk/disk1/cache/typescript/4.2/node_modules/@types/fs-extra/index.d.ts'
[14:15:30.455] Adding entry into typings cache: 'function-bind' => '/home/steiner/disk/disk1/cache/typescript/4.2/node_modules/@types/function-bind/index.d.ts'
[14:15:30.457] Adding entry into typings cache: 'functional-red-black-tree' => '/home/steiner/disk/disk1/cache/typescript/4.2/node_modules/@types/functional-red-black-tree/index.d.ts'
[14:15:30.460] Adding entry into typings cache: 'gaze' => '/home/steiner/disk/disk1/cache/typescript/4.2/node_modules/@types/gaze/index.d.ts'
[14:15:30.462] Adding entry into typings cache: 'get-caller-file' => '/home/steiner/disk/disk1/cache/typescript/4.2/node_modules/@types/get-caller-file/index.d.ts'
[14:15:30.463] Adding entry into typings cache: 'get-intrinsic' => '/home/steiner/disk/disk1/cache/typescript/4.2/node_modules/@types/get-intrinsic/index.d.ts'
[14:15:30.465] Adding entry into typings cache: 'get-value' => '/home/steiner/disk/disk1/cache/typescript/4.2/node_modules/@types/get-value/index.d.ts'
[14:15:30.467] Adding entry into typings cache: 'getpass' => '/home/steiner/disk/disk1/cache/typescript/4.2/node_modules/@types/getpass/index.d.ts'
[14:15:30.469] Adding entry into typings cache: 'glob' => '/home/steiner/disk/disk1/cache/typescript/4.2/node_modules/@types/glob/index.d.ts'
[14:15:30.471] Adding entry into typings cache: 'glob-parent' => '/home/steiner/disk/disk1/cache/typescript/4.2/node_modules/@types/glob-parent/index.d.ts'
[14:15:30.475] Adding entry into typings cache: 'glob-to-regexp' => '/home/steiner/disk/disk1/cache/typescript/4.2/node_modules/@types/glob-to-regexp/index.d.ts'
[14:15:30.476] Adding entry into typings cache: 'globule' => '/home/steiner/disk/disk1/cache/typescript/4.2/node_modules/@types/globule/index.d.ts'
[14:15:30.479] Adding entry into typings cache: 'graceful-fs' => '/home/steiner/disk/disk1/cache/typescript/4.2/node_modules/@types/graceful-fs/index.d.ts'
[14:15:30.480] Adding entry into typings cache: 'has' => '/home/steiner/disk/disk1/cache/typescript/4.2/node_modules/@types/has/index.d.ts'
[14:15:30.482] Adding entry into typings cache: 'has-ansi' => '/home/steiner/disk/disk1/cache/typescript/4.2/node_modules/@types/has-ansi/index.d.ts'
[14:15:30.483] Adding entry into typings cache: 'has-symbols' => '/home/steiner/disk/disk1/cache/typescript/4.2/node_modules/@types/has-symbols/index.d.ts'
[14:15:30.487] Adding entry into typings cache: 'hash-sum' => '/home/steiner/disk/disk1/cache/typescript/4.2/node_modules/@types/hash-sum/index.d.ts'
[14:15:30.490] Adding entry into typings cache: 'he' => '/home/steiner/disk/disk1/cache/typescript/4.2/node_modules/@types/he/index.d.ts'
[14:15:30.492] Adding entry into typings cache: 'hex-color-regex' => '/home/steiner/disk/disk1/cache/typescript/4.2/node_modules/@types/hex-color-regex/index.d.ts'
[14:15:30.493] Adding entry into typings cache: 'hosted-git-info' => '/home/steiner/disk/disk1/cache/typescript/4.2/node_modules/@types/hosted-git-info/index.d.ts'
[14:15:30.494] Adding entry into typings cache: 'html-minifier' => '/home/steiner/disk/disk1/cache/typescript/4.2/node_modules/@types/html-minifier/index.d.ts'
[14:15:30.496] Adding entry into typings cache: 'html-webpack-plugin' => '/home/steiner/disk/disk1/cache/typescript/4.2/node_modules/@types/html-webpack-plugin/index.d.ts'
[14:15:30.497] Adding entry into typings cache: 'htmlparser2' => '/home/steiner/disk/disk1/cache/typescript/4.2/node_modules/@types/htmlparser2/index.d.ts'
[14:15:30.498] Adding entry into typings cache: 'http-errors' => '/home/steiner/disk/disk1/cache/typescript/4.2/node_modules/@types/http-errors/index.d.ts'
[14:15:30.500] Adding entry into typings cache: 'http-proxy' => '/home/steiner/disk/disk1/cache/typescript/4.2/node_modules/@types/http-proxy/index.d.ts'
[14:15:30.502] Adding entry into typings cache: 'icss-utils' => '/home/steiner/disk/disk1/cache/typescript/4.2/node_modules/@types/icss-utils/index.d.ts'
[14:15:30.504] Adding entry into typings cache: 'iferr' => '/home/steiner/disk/disk1/cache/typescript/4.2/node_modules/@types/iferr/index.d.ts'
[14:15:30.505] Adding entry into typings cache: 'imurmurhash' => '/home/steiner/disk/disk1/cache/typescript/4.2/node_modules/@types/imurmurhash/index.d.ts'
[14:15:30.509] Adding entry into typings cache: 'inherits' => '/home/steiner/disk/disk1/cache/typescript/4.2/node_modules/@types/inherits/index.d.ts'
[14:15:30.511] Adding entry into typings cache: 'interpret' => '/home/steiner/disk/disk1/cache/typescript/4.2/node_modules/@types/interpret/index.d.ts'
[14:15:30.512] Adding entry into typings cache: 'invariant' => '/home/steiner/disk/disk1/cache/typescript/4.2/node_modules/@types/invariant/index.d.ts'
[14:15:30.513] Adding entry into typings cache: 'ip' => '/home/steiner/disk/disk1/cache/typescript/4.2/node_modules/@types/ip/index.d.ts'
[14:15:30.515] Adding entry into typings cache: 'is-arguments' => '/home/steiner/disk/disk1/cache/typescript/4.2/node_modules/@types/is-arguments/index.d.ts'
[14:15:30.517] Adding entry into typings cache: 'is-buffer' => '/home/steiner/disk/disk1/cache/typescript/4.2/node_modules/@types/is-buffer/index.d.ts'
[14:15:30.522] Adding entry into typings cache: 'is-callable' => '/home/steiner/disk/disk1/cache/typescript/4.2/node_modules/@types/is-callable/index.d.ts'
[14:15:30.525] Adding entry into typings cache: 'is-ci' => '/home/steiner/disk/disk1/cache/typescript/4.2/node_modules/@types/is-ci/index.d.ts'
[14:15:30.527] Adding entry into typings cache: 'is-core-module' => '/home/steiner/disk/disk1/cache/typescript/4.2/node_modules/@types/is-core-module/index.d.ts'
[14:15:30.529] Adding entry into typings cache: 'is-date-object' => '/home/steiner/disk/disk1/cache/typescript/4.2/node_modules/@types/is-date-object/index.d.ts'
[14:15:30.530] Adding entry into typings cache: 'is-finite' => '/home/steiner/disk/disk1/cache/typescript/4.2/node_modules/@types/is-finite/index.d.ts'
[14:15:30.533] Adding entry into typings cache: 'is-glob' => '/home/steiner/disk/disk1/cache/typescript/4.2/node_modules/@types/is-glob/index.d.ts'
[14:15:30.535] Adding entry into typings cache: 'is-number' => '/home/steiner/disk/disk1/cache/typescript/4.2/node_modules/@types/is-number/index.d.ts'
[14:15:30.537] Adding entry into typings cache: 'is-regex' => '/home/steiner/disk/disk1/cache/typescript/4.2/node_modules/@types/is-regex/index.d.ts'
[14:15:30.539] Adding entry into typings cache: 'is-typedarray' => '/home/steiner/disk/disk1/cache/typescript/4.2/node_modules/@types/is-typedarray/index.d.ts'
[14:15:30.541] Adding entry into typings cache: 'is-utf8' => '/home/steiner/disk/disk1/cache/typescript/4.2/node_modules/@types/is-utf8/index.d.ts'
[14:15:30.544] Adding entry into typings cache: 'is-windows' => '/home/steiner/disk/disk1/cache/typescript/4.2/node_modules/@types/is-windows/index.d.ts'
[14:15:30.546] Adding entry into typings cache: 'isarray' => '/home/steiner/disk/disk1/cache/typescript/4.2/node_modules/@types/isarray/index.d.ts'
[14:15:30.548] Adding entry into typings cache: 'isexe' => '/home/steiner/disk/disk1/cache/typescript/4.2/node_modules/@types/isexe/index.d.ts'
[14:15:30.549] Adding entry into typings cache: 'isstream' => '/home/steiner/disk/disk1/cache/typescript/4.2/node_modules/@types/isstream/index.d.ts'
[14:15:30.550] Adding entry into typings cache: 'js-base64' => '/home/steiner/disk/disk1/cache/typescript/4.2/node_modules/@types/js-base64/index.d.ts'
[14:15:30.552] Adding entry into typings cache: 'js-yaml' => '/home/steiner/disk/disk1/cache/typescript/4.2/node_modules/@types/js-yaml/index.d.ts'
[14:15:30.553] Adding entry into typings cache: 'jsbn' => '/home/steiner/disk/disk1/cache/typescript/4.2/node_modules/@types/jsbn/index.d.ts'
[14:15:30.555] Adding entry into typings cache: 'jsesc' => '/home/steiner/disk/disk1/cache/typescript/4.2/node_modules/@types/jsesc/index.d.ts'
[14:15:30.559] Adding entry into typings cache: 'json-parse-better-errors' => '/home/steiner/disk/disk1/cache/typescript/4.2/node_modules/@types/json-parse-better-errors/index.d.ts'
[14:15:30.560] Adding entry into typings cache: 'json-schema' => '/home/steiner/disk/disk1/cache/typescript/4.2/node_modules/@types/json-schema/index.d.ts'
[14:15:30.562] Adding entry into typings cache: 'json-stringify-safe' => '/home/steiner/disk/disk1/cache/typescript/4.2/node_modules/@types/json-stringify-safe/index.d.ts'
[14:15:30.563] Adding entry into typings cache: 'json3' => '/home/steiner/disk/disk1/cache/typescript/4.2/node_modules/@types/json3/index.d.ts'
[14:15:30.564] Adding entry into typings cache: 'jsonfile' => '/home/steiner/disk/disk1/cache/typescript/4.2/node_modules/@types/jsonfile/index.d.ts'
[14:15:30.566] Adding entry into typings cache: 'kind-of' => '/home/steiner/disk/disk1/cache/typescript/4.2/node_modules/@types/kind-of/index.d.ts'
[14:15:30.572] Adding entry into typings cache: 'loader-runner' => '/home/steiner/disk/disk1/cache/typescript/4.2/node_modules/@types/loader-runner/index.d.ts'
[14:15:30.573] Adding entry into typings cache: 'loader-utils' => '/home/steiner/disk/disk1/cache/typescript/4.2/node_modules/@types/loader-utils/index.d.ts'
[14:15:30.576] Adding entry into typings cache: 'lodash' => '/home/steiner/disk/disk1/cache/typescript/4.2/node_modules/@types/lodash/index.d.ts'
[14:15:30.577] Adding entry into typings cache: 'lodash.camelcase' => '/home/steiner/disk/disk1/cache/typescript/4.2/node_modules/@types/lodash.camelcase/index.d.ts'
[14:15:30.579] Adding entry into typings cache: 'lodash.clonedeep' => '/home/steiner/disk/disk1/cache/typescript/4.2/node_modules/@types/lodash.clonedeep/index.d.ts'
[14:15:30.582] Adding entry into typings cache: 'lodash.debounce' => '/home/steiner/disk/disk1/cache/typescript/4.2/node_modules/@types/lodash.debounce/index.d.ts'
[14:15:30.586] Adding entry into typings cache: 'lodash.defaultsdeep' => '/home/steiner/disk/disk1/cache/typescript/4.2/node_modules/@types/lodash.defaultsdeep/index.d.ts'
[14:15:30.587] Adding entry into typings cache: 'lodash.kebabcase' => '/home/steiner/disk/disk1/cache/typescript/4.2/node_modules/@types/lodash.kebabcase/index.d.ts'
[14:15:30.588] Adding entry into typings cache: 'lodash.mapvalues' => '/home/steiner/disk/disk1/cache/typescript/4.2/node_modules/@types/lodash.mapvalues/index.d.ts'
[14:15:30.590] Adding entry into typings cache: 'lodash.memoize' => '/home/steiner/disk/disk1/cache/typescript/4.2/node_modules/@types/lodash.memoize/index.d.ts'
[14:15:30.592] Adding entry into typings cache: 'lodash.transform' => '/home/steiner/disk/disk1/cache/typescript/4.2/node_modules/@types/lodash.transform/index.d.ts'
[14:15:30.597] Adding entry into typings cache: 'lodash.truncate' => '/home/steiner/disk/disk1/cache/typescript/4.2/node_modules/@types/lodash.truncate/index.d.ts'
[14:15:30.600] Adding entry into typings cache: 'lodash.uniq' => '/home/steiner/disk/disk1/cache/typescript/4.2/node_modules/@types/lodash.uniq/index.d.ts'
[14:15:30.601] Adding entry into typings cache: 'lru-cache' => '/home/steiner/disk/disk1/cache/typescript/4.2/node_modules/@types/lru-cache/index.d.ts'
[14:15:30.602] Adding entry into typings cache: 'math-expression-evaluator' => '/home/steiner/disk/disk1/cache/typescript/4.2/node_modules/@types/math-expression-evaluator/index.d.ts'
[14:15:30.604] Adding entry into typings cache: 'media-typer' => '/home/steiner/disk/disk1/cache/typescript/4.2/node_modules/@types/media-typer/index.d.ts'
[14:15:30.605] Adding entry into typings cache: 'memory-fs' => '/home/steiner/disk/disk1/cache/typescript/4.2/node_modules/@types/memory-fs/index.d.ts'
[14:15:30.606] Adding entry into typings cache: 'merge-descriptors' => '/home/steiner/disk/disk1/cache/typescript/4.2/node_modules/@types/merge-descriptors/index.d.ts'
[14:15:30.608] Adding entry into typings cache: 'merge-stream' => '/home/steiner/disk/disk1/cache/typescript/4.2/node_modules/@types/merge-stream/index.d.ts'
[14:15:30.610] Adding entry into typings cache: 'merge2' => '/home/steiner/disk/disk1/cache/typescript/4.2/node_modules/@types/merge2/index.d.ts'
[14:15:30.611] Adding entry into typings cache: 'methods' => '/home/steiner/disk/disk1/cache/typescript/4.2/node_modules/@types/methods/index.d.ts'
[14:15:30.614] Adding entry into typings cache: 'micromatch' => '/home/steiner/disk/disk1/cache/typescript/4.2/node_modules/@types/micromatch/index.d.ts'
[14:15:30.616] Adding entry into typings cache: 'mime' => '/home/steiner/disk/disk1/cache/typescript/4.2/node_modules/@types/mime/index.d.ts'
[14:15:30.618] Adding entry into typings cache: 'mime-db' => '/home/steiner/disk/disk1/cache/typescript/4.2/node_modules/@types/mime-db/index.d.ts'
[14:15:30.622] Adding entry into typings cache: 'mime-types' => '/home/steiner/disk/disk1/cache/typescript/4.2/node_modules/@types/mime-types/index.d.ts'
[14:15:30.625] Adding entry into typings cache: 'mini-css-extract-plugin' => '/home/steiner/disk/disk1/cache/typescript/4.2/node_modules/@types/mini-css-extract-plugin/index.d.ts'
[14:15:30.627] Adding entry into typings cache: 'minimalistic-assert' => '/home/steiner/disk/disk1/cache/typescript/4.2/node_modules/@types/minimalistic-assert/index.d.ts'
[14:15:30.629] Adding entry into typings cache: 'minimatch' => '/home/steiner/disk/disk1/cache/typescript/4.2/node_modules/@types/minimatch/index.d.ts'
[14:15:30.630] Adding entry into typings cache: 'minimist' => '/home/steiner/disk/disk1/cache/typescript/4.2/node_modules/@types/minimist/index.d.ts'
[14:15:30.632] Adding entry into typings cache: 'minipass' => '/home/steiner/disk/disk1/cache/typescript/4.2/node_modules/@types/minipass/index.d.ts'
[14:15:30.633] Adding entry into typings cache: 'mkdirp' => '/home/steiner/disk/disk1/cache/typescript/4.2/node_modules/@types/mkdirp/index.d.ts'
[14:15:30.635] Adding entry into typings cache: 'move-concurrently' => '/home/steiner/disk/disk1/cache/typescript/4.2/node_modules/@types/move-concurrently/index.d.ts'
[14:15:30.637] Adding entry into typings cache: 'ms' => '/home/steiner/disk/disk1/cache/typescript/4.2/node_modules/@types/ms/index.d.ts'
[14:15:30.638] Adding entry into typings cache: 'multicast-dns' => '/home/steiner/disk/disk1/cache/typescript/4.2/node_modules/@types/multicast-dns/index.d.ts'
[14:15:30.641] Adding entry into typings cache: 'mz' => '/home/steiner/disk/disk1/cache/typescript/4.2/node_modules/@types/mz/index.d.ts'
[14:15:30.642] Adding entry into typings cache: 'natural-compare' => '/home/steiner/disk/disk1/cache/typescript/4.2/node_modules/@types/natural-compare/index.d.ts'
[14:15:30.644] Adding entry into typings cache: 'negotiator' => '/home/steiner/disk/disk1/cache/typescript/4.2/node_modules/@types/negotiator/index.d.ts'
[14:15:30.646] Adding entry into typings cache: 'next-tick' => '/home/steiner/disk/disk1/cache/typescript/4.2/node_modules/@types/next-tick/index.d.ts'
[14:15:30.647] Adding entry into typings cache: 'nice-try' => '/home/steiner/disk/disk1/cache/typescript/4.2/node_modules/@types/nice-try/index.d.ts'
[14:15:30.649] Adding entry into typings cache: 'node' => '/home/steiner/disk/disk1/cache/typescript/4.2/node_modules/@types/node/index.d.ts'
[14:15:30.650] Adding entry into typings cache: 'node-forge' => '/home/steiner/disk/disk1/cache/typescript/4.2/node_modules/@types/node-forge/index.d.ts'
[14:15:30.657] Adding entry into typings cache: 'node-ipc' => '/home/steiner/disk/disk1/cache/typescript/4.2/node_modules/@types/node-ipc/index.d.ts'
[14:15:30.660] Adding entry into typings cache: 'node-notifier' => '/home/steiner/disk/disk1/cache/typescript/4.2/node_modules/@types/node-notifier/index.d.ts'
[14:15:30.661] Adding entry into typings cache: 'node-sass' => '/home/steiner/disk/disk1/cache/typescript/4.2/node_modules/@types/node-sass/index.d.ts'
[14:15:30.663] Adding entry into typings cache: 'nopt' => '/home/steiner/disk/disk1/cache/typescript/4.2/node_modules/@types/nopt/index.d.ts'
[14:15:30.664] Adding entry into typings cache: 'normalize-package-data' => '/home/steiner/disk/disk1/cache/typescript/4.2/node_modules/@types/normalize-package-data/index.d.ts'
[14:15:30.666] Adding entry into typings cache: 'normalize-path' => '/home/steiner/disk/disk1/cache/typescript/4.2/node_modules/@types/normalize-path/index.d.ts'
[14:15:30.668] Adding entry into typings cache: 'normalize-wheel' => '/home/steiner/disk/disk1/cache/typescript/4.2/node_modules/@types/normalize-wheel/index.d.ts'
[14:15:30.669] Adding entry into typings cache: 'npmlog' => '/home/steiner/disk/disk1/cache/typescript/4.2/node_modules/@types/npmlog/index.d.ts'
[14:15:30.670] Adding entry into typings cache: 'num2fraction' => '/home/steiner/disk/disk1/cache/typescript/4.2/node_modules/@types/num2fraction/index.d.ts'
[14:15:30.671] Adding entry into typings cache: 'number-is-nan' => '/home/steiner/disk/disk1/cache/typescript/4.2/node_modules/@types/number-is-nan/index.d.ts'
[14:15:30.672] Adding entry into typings cache: 'object-assign' => '/home/steiner/disk/disk1/cache/typescript/4.2/node_modules/@types/object-assign/index.d.ts'
[14:15:30.673] Adding entry into typings cache: 'object-inspect' => '/home/steiner/disk/disk1/cache/typescript/4.2/node_modules/@types/object-inspect/index.d.ts'
[14:15:30.674] Adding entry into typings cache: 'object-keys' => '/home/steiner/disk/disk1/cache/typescript/4.2/node_modules/@types/object-keys/index.d.ts'
[14:15:30.675] Adding entry into typings cache: 'object.getownpropertydescriptors' => '/home/steiner/disk/disk1/cache/typescript/4.2/node_modules/@types/object.getownpropertydescriptors/index.d.ts'
[14:15:30.677] Adding entry into typings cache: 'object.pick' => '/home/steiner/disk/disk1/cache/typescript/4.2/node_modules/@types/object.pick/index.d.ts'
[14:15:30.678] Adding entry into typings cache: 'on-finished' => '/home/steiner/disk/disk1/cache/typescript/4.2/node_modules/@types/on-finished/index.d.ts'
[14:15:30.679] Adding entry into typings cache: 'on-headers' => '/home/steiner/disk/disk1/cache/typescript/4.2/node_modules/@types/on-headers/index.d.ts'
[14:15:30.681] Adding entry into typings cache: 'once' => '/home/steiner/disk/disk1/cache/typescript/4.2/node_modules/@types/once/index.d.ts'
[14:15:30.682] Adding entry into typings cache: 'opener' => '/home/steiner/disk/disk1/cache/typescript/4.2/node_modules/@types/opener/index.d.ts'
[14:15:30.683] Adding entry into typings cache: 'optimize-css-assets-webpack-plugin' => '/home/steiner/disk/disk1/cache/typescript/4.2/node_modules/@types/optimize-css-assets-webpack-plugin/index.d.ts'
[14:15:30.685] Adding entry into typings cache: 'original' => '/home/steiner/disk/disk1/cache/typescript/4.2/node_modules/@types/original/index.d.ts'
[14:15:30.687] Adding entry into typings cache: 'os-homedir' => '/home/steiner/disk/disk1/cache/typescript/4.2/node_modules/@types/os-homedir/index.d.ts'
[14:15:30.688] Adding entry into typings cache: 'os-tmpdir' => '/home/steiner/disk/disk1/cache/typescript/4.2/node_modules/@types/os-tmpdir/index.d.ts'
[14:15:30.690] Adding entry into typings cache: 'osenv' => '/home/steiner/disk/disk1/cache/typescript/4.2/node_modules/@types/osenv/index.d.ts'
[14:15:30.691] Adding entry into typings cache: 'pako' => '/home/steiner/disk/disk1/cache/typescript/4.2/node_modules/@types/pako/index.d.ts'
[14:15:30.693] Adding entry into typings cache: 'parallel-transform' => '/home/steiner/disk/disk1/cache/typescript/4.2/node_modules/@types/parallel-transform/index.d.ts'
[14:15:30.695] Adding entry into typings cache: 'parse-json' => '/home/steiner/disk/disk1/cache/typescript/4.2/node_modules/@types/parse-json/index.d.ts'
[14:15:30.696] Adding entry into typings cache: 'parse5' => '/home/steiner/disk/disk1/cache/typescript/4.2/node_modules/@types/parse5/index.d.ts'
[14:15:30.697] Adding entry into typings cache: 'parse5-htmlparser2-tree-adapter' => '/home/steiner/disk/disk1/cache/typescript/4.2/node_modules/@types/parse5-htmlparser2-tree-adapter/index.d.ts'
[14:15:30.698] Adding entry into typings cache: 'parseurl' => '/home/steiner/disk/disk1/cache/typescript/4.2/node_modules/@types/parseurl/index.d.ts'
[14:15:30.701] Adding entry into typings cache: 'pascalcase' => '/home/steiner/disk/disk1/cache/typescript/4.2/node_modules/@types/pascalcase/index.d.ts'
[14:15:30.703] Adding entry into typings cache: 'path-is-absolute' => '/home/steiner/disk/disk1/cache/typescript/4.2/node_modules/@types/path-is-absolute/index.d.ts'
[14:15:30.704] Adding entry into typings cache: 'path-is-inside' => '/home/steiner/disk/disk1/cache/typescript/4.2/node_modules/@types/path-is-inside/index.d.ts'
[14:15:30.705] Adding entry into typings cache: 'path-parse' => '/home/steiner/disk/disk1/cache/typescript/4.2/node_modules/@types/path-parse/index.d.ts'
[14:15:30.706] Adding entry into typings cache: 'pbkdf2' => '/home/steiner/disk/disk1/cache/typescript/4.2/node_modules/@types/pbkdf2/index.d.ts'
[14:15:30.708] Adding entry into typings cache: 'picomatch' => '/home/steiner/disk/disk1/cache/typescript/4.2/node_modules/@types/picomatch/index.d.ts'
[14:15:30.709] Adding entry into typings cache: 'pify' => '/home/steiner/disk/disk1/cache/typescript/4.2/node_modules/@types/pify/index.d.ts'
[14:15:30.711] Adding entry into typings cache: 'postcss-calc' => '/home/steiner/disk/disk1/cache/typescript/4.2/node_modules/@types/postcss-calc/index.d.ts'
[14:15:30.712] Adding entry into typings cache: 'postcss-import' => '/home/steiner/disk/disk1/cache/typescript/4.2/node_modules/@types/postcss-import/index.d.ts'
[14:15:30.714] Adding entry into typings cache: 'postcss-load-config' => '/home/steiner/disk/disk1/cache/typescript/4.2/node_modules/@types/postcss-load-config/index.d.ts'
[14:15:30.715] Adding entry into typings cache: 'postcss-modules-extract-imports' => '/home/steiner/disk/disk1/cache/typescript/4.2/node_modules/@types/postcss-modules-extract-imports/index.d.ts'
[14:15:30.717] Adding entry into typings cache: 'postcss-modules-local-by-default' => '/home/steiner/disk/disk1/cache/typescript/4.2/node_modules/@types/postcss-modules-local-by-default/index.d.ts'
[14:15:30.718] Adding entry into typings cache: 'postcss-modules-scope' => '/home/steiner/disk/disk1/cache/typescript/4.2/node_modules/@types/postcss-modules-scope/index.d.ts'
[14:15:30.721] Adding entry into typings cache: 'postcss-modules-values' => '/home/steiner/disk/disk1/cache/typescript/4.2/node_modules/@types/postcss-modules-values/index.d.ts'
[14:15:30.723] Adding entry into typings cache: 'postcss-url' => '/home/steiner/disk/disk1/cache/typescript/4.2/node_modules/@types/postcss-url/index.d.ts'
[14:15:30.724] Adding entry into typings cache: 'prelude-ls' => '/home/steiner/disk/disk1/cache/typescript/4.2/node_modules/@types/prelude-ls/index.d.ts'
[14:15:30.726] Adding entry into typings cache: 'prettier' => '/home/steiner/disk/disk1/cache/typescript/4.2/node_modules/@types/prettier/index.d.ts'
[14:15:30.728] Adding entry into typings cache: 'progress' => '/home/steiner/disk/disk1/cache/typescript/4.2/node_modules/@types/progress/index.d.ts'
[14:15:30.729] Adding entry into typings cache: 'promise-inflight' => '/home/steiner/disk/disk1/cache/typescript/4.2/node_modules/@types/promise-inflight/index.d.ts'
[14:15:30.730] Adding entry into typings cache: 'proxy-addr' => '/home/steiner/disk/disk1/cache/typescript/4.2/node_modules/@types/proxy-addr/index.d.ts'
[14:15:30.731] Adding entry into typings cache: 'psl' => '/home/steiner/disk/disk1/cache/typescript/4.2/node_modules/@types/psl/index.d.ts'
[14:15:30.733] Adding entry into typings cache: 'pump' => '/home/steiner/disk/disk1/cache/typescript/4.2/node_modules/@types/pump/index.d.ts'
[14:15:30.734] Adding entry into typings cache: 'pumpify' => '/home/steiner/disk/disk1/cache/typescript/4.2/node_modules/@types/pumpify/index.d.ts'
[14:15:30.736] Adding entry into typings cache: 'punycode' => '/home/steiner/disk/disk1/cache/typescript/4.2/node_modules/@types/punycode/index.d.ts'
[14:15:30.738] Adding entry into typings cache: 'q' => '/home/steiner/disk/disk1/cache/typescript/4.2/node_modules/@types/q/index.d.ts'
[14:15:30.739] Adding entry into typings cache: 'qs' => '/home/steiner/disk/disk1/cache/typescript/4.2/node_modules/@types/qs/index.d.ts'
[14:15:30.740] Adding entry into typings cache: 'querystringify' => '/home/steiner/disk/disk1/cache/typescript/4.2/node_modules/@types/querystringify/index.d.ts'
[14:15:30.743] Adding entry into typings cache: 'randombytes' => '/home/steiner/disk/disk1/cache/typescript/4.2/node_modules/@types/randombytes/index.d.ts'
[14:15:30.744] Adding entry into typings cache: 'range-parser' => '/home/steiner/disk/disk1/cache/typescript/4.2/node_modules/@types/range-parser/index.d.ts'
[14:15:30.747] Adding entry into typings cache: 'readable-stream' => '/home/steiner/disk/disk1/cache/typescript/4.2/node_modules/@types/readable-stream/index.d.ts'
[14:15:30.748] Adding entry into typings cache: 'rechoir' => '/home/steiner/disk/disk1/cache/typescript/4.2/node_modules/@types/rechoir/index.d.ts'
[14:15:30.750] Adding entry into typings cache: 'regenerate' => '/home/steiner/disk/disk1/cache/typescript/4.2/node_modules/@types/regenerate/index.d.ts'
[14:15:30.752] Adding entry into typings cache: 'regenerator-runtime' => '/home/steiner/disk/disk1/cache/typescript/4.2/node_modules/@types/regenerator-runtime/index.d.ts'
[14:15:30.753] Adding entry into typings cache: 'relateurl' => '/home/steiner/disk/disk1/cache/typescript/4.2/node_modules/@types/relateurl/index.d.ts'
[14:15:30.757] Adding entry into typings cache: 'repeat-element' => '/home/steiner/disk/disk1/cache/typescript/4.2/node_modules/@types/repeat-element/index.d.ts'
[14:15:30.761] Adding entry into typings cache: 'repeat-string' => '/home/steiner/disk/disk1/cache/typescript/4.2/node_modules/@types/repeat-string/index.d.ts'
[14:15:30.762] Adding entry into typings cache: 'repeating' => '/home/steiner/disk/disk1/cache/typescript/4.2/node_modules/@types/repeating/index.d.ts'
[14:15:30.764] Adding entry into typings cache: 'request' => '/home/steiner/disk/disk1/cache/typescript/4.2/node_modules/@types/request/index.d.ts'
[14:15:30.766] Adding entry into typings cache: 'require-directory' => '/home/steiner/disk/disk1/cache/typescript/4.2/node_modules/@types/require-directory/index.d.ts'
[14:15:30.767] Adding entry into typings cache: 'require-from-string' => '/home/steiner/disk/disk1/cache/typescript/4.2/node_modules/@types/require-from-string/index.d.ts'
[14:15:30.770] Adding entry into typings cache: 'requires-port' => '/home/steiner/disk/disk1/cache/typescript/4.2/node_modules/@types/requires-port/index.d.ts'
[14:15:30.772] Adding entry into typings cache: 'resolve' => '/home/steiner/disk/disk1/cache/typescript/4.2/node_modules/@types/resolve/index.d.ts'
[14:15:30.773] Adding entry into typings cache: 'retry' => '/home/steiner/disk/disk1/cache/typescript/4.2/node_modules/@types/retry/index.d.ts'
[14:15:30.775] Adding entry into typings cache: 'right-align' => '/home/steiner/disk/disk1/cache/typescript/4.2/node_modules/@types/right-align/index.d.ts'
[14:15:30.777] Adding entry into typings cache: 'rimraf' => '/home/steiner/disk/disk1/cache/typescript/4.2/node_modules/@types/rimraf/index.d.ts'
[14:15:30.778] Adding entry into typings cache: 'ripemd160' => '/home/steiner/disk/disk1/cache/typescript/4.2/node_modules/@types/ripemd160/index.d.ts'
[14:15:30.780] Adding entry into typings cache: 'run-parallel' => '/home/steiner/disk/disk1/cache/typescript/4.2/node_modules/@types/run-parallel/index.d.ts'
[14:15:30.782] Adding entry into typings cache: 'safe-regex' => '/home/steiner/disk/disk1/cache/typescript/4.2/node_modules/@types/safe-regex/index.d.ts'
[14:15:30.783] Adding entry into typings cache: 'safer-buffer' => '/home/steiner/disk/disk1/cache/typescript/4.2/node_modules/@types/safer-buffer/index.d.ts'
[14:15:30.785] Adding entry into typings cache: 'sass' => '/home/steiner/disk/disk1/cache/typescript/4.2/node_modules/@types/sass/index.d.ts'
[14:15:30.786] Adding entry into typings cache: 'sass-graph' => '/home/steiner/disk/disk1/cache/typescript/4.2/node_modules/@types/sass-graph/index.d.ts'
[14:15:30.788] Adding entry into typings cache: 'sass-loader' => '/home/steiner/disk/disk1/cache/typescript/4.2/node_modules/@types/sass-loader/index.d.ts'
[14:15:30.789] Adding entry into typings cache: 'sax' => '/home/steiner/disk/disk1/cache/typescript/4.2/node_modules/@types/sax/index.d.ts'
[14:15:30.790] Adding entry into typings cache: 'semver' => '/home/steiner/disk/disk1/cache/typescript/4.2/node_modules/@types/semver/index.d.ts'
[14:15:30.791] Adding entry into typings cache: 'send' => '/home/steiner/disk/disk1/cache/typescript/4.2/node_modules/@types/send/index.d.ts'
[14:15:30.793] Adding entry into typings cache: 'serialize-javascript' => '/home/steiner/disk/disk1/cache/typescript/4.2/node_modules/@types/serialize-javascript/index.d.ts'
[14:15:30.794] Adding entry into typings cache: 'serve-index' => '/home/steiner/disk/disk1/cache/typescript/4.2/node_modules/@types/serve-index/index.d.ts'
[14:15:30.796] Adding entry into typings cache: 'serve-static' => '/home/steiner/disk/disk1/cache/typescript/4.2/node_modules/@types/serve-static/index.d.ts'
[14:15:30.799] Adding entry into typings cache: 'set-value' => '/home/steiner/disk/disk1/cache/typescript/4.2/node_modules/@types/set-value/index.d.ts'
[14:15:30.801] Adding entry into typings cache: 'setimmediate' => '/home/steiner/disk/disk1/cache/typescript/4.2/node_modules/@types/setimmediate/index.d.ts'
[14:15:30.803] Adding entry into typings cache: 'sha.js' => '/home/steiner/disk/disk1/cache/typescript/4.2/node_modules/@types/sha.js/index.d.ts'
[14:15:30.804] Adding entry into typings cache: 'shebang-command' => '/home/steiner/disk/disk1/cache/typescript/4.2/node_modules/@types/shebang-command/index.d.ts'
[14:15:30.806] Adding entry into typings cache: 'shell-quote' => '/home/steiner/disk/disk1/cache/typescript/4.2/node_modules/@types/shell-quote/index.d.ts'
[14:15:30.808] Adding entry into typings cache: 'shelljs' => '/home/steiner/disk/disk1/cache/typescript/4.2/node_modules/@types/shelljs/index.d.ts'
[14:15:30.810] Adding entry into typings cache: 'signal-exit' => '/home/steiner/disk/disk1/cache/typescript/4.2/node_modules/@types/signal-exit/index.d.ts'
[14:15:30.812] Adding entry into typings cache: 'slice-ansi' => '/home/steiner/disk/disk1/cache/typescript/4.2/node_modules/@types/slice-ansi/index.d.ts'
[14:15:30.814] Adding entry into typings cache: 'sockjs' => '/home/steiner/disk/disk1/cache/typescript/4.2/node_modules/@types/sockjs/index.d.ts'
[14:15:30.815] Adding entry into typings cache: 'sockjs-client' => '/home/steiner/disk/disk1/cache/typescript/4.2/node_modules/@types/sockjs-client/index.d.ts'
[14:15:30.818] Adding entry into typings cache: 'source-list-map' => '/home/steiner/disk/disk1/cache/typescript/4.2/node_modules/@types/source-list-map/index.d.ts'
[14:15:30.822] Adding entry into typings cache: 'source-map-support' => '/home/steiner/disk/disk1/cache/typescript/4.2/node_modules/@types/source-map-support/index.d.ts'
[14:15:30.824] Adding entry into typings cache: 'spdx-correct' => '/home/steiner/disk/disk1/cache/typescript/4.2/node_modules/@types/spdx-correct/index.d.ts'
[14:15:30.826] Adding entry into typings cache: 'spdx-expression-parse' => '/home/steiner/disk/disk1/cache/typescript/4.2/node_modules/@types/spdx-expression-parse/index.d.ts'
[14:15:30.828] Adding entry into typings cache: 'spdy' => '/home/steiner/disk/disk1/cache/typescript/4.2/node_modules/@types/spdy/index.d.ts'
[14:15:30.831] Adding entry into typings cache: 'sprintf' => '/home/steiner/disk/disk1/cache/typescript/4.2/node_modules/@types/sprintf/index.d.ts'
[14:15:30.833] Adding entry into typings cache: 'sprintf-js' => '/home/steiner/disk/disk1/cache/typescript/4.2/node_modules/@types/sprintf-js/index.d.ts'
[14:15:30.835] Adding entry into typings cache: 'sshpk' => '/home/steiner/disk/disk1/cache/typescript/4.2/node_modules/@types/sshpk/index.d.ts'
[14:15:30.836] Adding entry into typings cache: 'ssri' => '/home/steiner/disk/disk1/cache/typescript/4.2/node_modules/@types/ssri/index.d.ts'
[14:15:30.838] Adding entry into typings cache: 'statuses' => '/home/steiner/disk/disk1/cache/typescript/4.2/node_modules/@types/statuses/index.d.ts'
[14:15:30.839] Adding entry into typings cache: 'stdout-stream' => '/home/steiner/disk/disk1/cache/typescript/4.2/node_modules/@types/stdout-stream/index.d.ts'
[14:15:30.840] Adding entry into typings cache: 'stream-each' => '/home/steiner/disk/disk1/cache/typescript/4.2/node_modules/@types/stream-each/index.d.ts'
[14:15:30.842] Adding entry into typings cache: 'stream-shift' => '/home/steiner/disk/disk1/cache/typescript/4.2/node_modules/@types/stream-shift/index.d.ts'
[14:15:30.844] Adding entry into typings cache: 'strict-uri-encode' => '/home/steiner/disk/disk1/cache/typescript/4.2/node_modules/@types/strict-uri-encode/index.d.ts'
[14:15:30.846] Adding entry into typings cache: 'string-hash' => '/home/steiner/disk/disk1/cache/typescript/4.2/node_modules/@types/string-hash/index.d.ts'
[14:15:30.848] Adding entry into typings cache: 'strip-final-newline' => '/home/steiner/disk/disk1/cache/typescript/4.2/node_modules/@types/strip-final-newline/index.d.ts'
[14:15:30.851] Adding entry into typings cache: 'supports-color' => '/home/steiner/disk/disk1/cache/typescript/4.2/node_modules/@types/supports-color/index.d.ts'
[14:15:30.853] Adding entry into typings cache: 'svg-tags' => '/home/steiner/disk/disk1/cache/typescript/4.2/node_modules/@types/svg-tags/index.d.ts'
[14:15:30.855] Adding entry into typings cache: 'svgo' => '/home/steiner/disk/disk1/cache/typescript/4.2/node_modules/@types/svgo/index.d.ts'
[14:15:30.857] Adding entry into typings cache: 'tapable' => '/home/steiner/disk/disk1/cache/typescript/4.2/node_modules/tapable/tapable.d.ts'
[14:15:30.859] Adding entry into typings cache: 'tar' => '/home/steiner/disk/disk1/cache/typescript/4.2/node_modules/@types/tar/index.d.ts'
[14:15:30.864] Adding entry into typings cache: 'terser-webpack-plugin' => '/home/steiner/disk/disk1/cache/typescript/4.2/node_modules/@types/terser-webpack-plugin/index.d.ts'
[14:15:30.866] Adding entry into typings cache: 'text-table' => '/home/steiner/disk/disk1/cache/typescript/4.2/node_modules/@types/text-table/index.d.ts'
[14:15:30.868] Adding entry into typings cache: 'through2' => '/home/steiner/disk/disk1/cache/typescript/4.2/node_modules/@types/through2/index.d.ts'
[14:15:30.869] Adding entry into typings cache: 'thunky' => '/home/steiner/disk/disk1/cache/typescript/4.2/node_modules/@types/thunky/index.d.ts'
[14:15:30.871] Adding entry into typings cache: 'timsort' => '/home/steiner/disk/disk1/cache/typescript/4.2/node_modules/@types/timsort/index.d.ts'
[14:15:30.873] Adding entry into typings cache: 'toposort' => '/home/steiner/disk/disk1/cache/typescript/4.2/node_modules/@types/toposort/index.d.ts'
[14:15:30.874] Adding entry into typings cache: 'tough-cookie' => '/home/steiner/disk/disk1/cache/typescript/4.2/node_modules/@types/tough-cookie/index.d.ts'
[14:15:30.877] Adding entry into typings cache: 'tryer' => '/home/steiner/disk/disk1/cache/typescript/4.2/node_modules/@types/tryer/index.d.ts'
[14:15:30.879] Adding entry into typings cache: 'type-check' => '/home/steiner/disk/disk1/cache/typescript/4.2/node_modules/@types/type-check/index.d.ts'
[14:15:30.881] Adding entry into typings cache: 'type-is' => '/home/steiner/disk/disk1/cache/typescript/4.2/node_modules/@types/type-is/index.d.ts'
[14:15:30.882] Adding entry into typings cache: 'uglify-es' => '/home/steiner/disk/disk1/cache/typescript/4.2/node_modules/@types/uglify-es/index.d.ts'
[14:15:30.884] Adding entry into typings cache: 'uglify-js' => '/home/steiner/disk/disk1/cache/typescript/4.2/node_modules/@types/uglify-js/index.d.ts'
[14:15:30.886] Adding entry into typings cache: 'uglifyjs-webpack-plugin' => '/home/steiner/disk/disk1/cache/typescript/4.2/node_modules/@types/uglifyjs-webpack-plugin/index.d.ts'
[14:15:30.889] Adding entry into typings cache: 'uniq' => '/home/steiner/disk/disk1/cache/typescript/4.2/node_modules/@types/uniq/index.d.ts'
[14:15:30.891] Adding entry into typings cache: 'universalify' => '/home/steiner/disk/disk1/cache/typescript/4.2/node_modules/@types/universalify/index.d.ts'
[14:15:30.896] Adding entry into typings cache: 'urix' => '/home/steiner/disk/disk1/cache/typescript/4.2/node_modules/@types/urix/index.d.ts'
[14:15:30.897] Adding entry into typings cache: 'url-parse' => '/home/steiner/disk/disk1/cache/typescript/4.2/node_modules/@types/url-parse/index.d.ts'
[14:15:30.901] Adding entry into typings cache: 'util-deprecate' => '/home/steiner/disk/disk1/cache/typescript/4.2/node_modules/@types/util-deprecate/index.d.ts'
[14:15:30.902] Adding entry into typings cache: 'util.promisify' => '/home/steiner/disk/disk1/cache/typescript/4.2/node_modules/@types/util.promisify/index.d.ts'
[14:15:30.904] Adding entry into typings cache: 'utils-merge' => '/home/steiner/disk/disk1/cache/typescript/4.2/node_modules/@types/utils-merge/index.d.ts'
[14:15:30.906] Adding entry into typings cache: 'uuid' => '/home/steiner/disk/disk1/cache/typescript/4.2/node_modules/@types/uuid/index.d.ts'
[14:15:30.907] Adding entry into typings cache: 'validate-npm-package-license' => '/home/steiner/disk/disk1/cache/typescript/4.2/node_modules/@types/validate-npm-package-license/index.d.ts'
[14:15:30.909] Adding entry into typings cache: 'vary' => '/home/steiner/disk/disk1/cache/typescript/4.2/node_modules/@types/vary/index.d.ts'
[14:15:30.910] Adding entry into typings cache: 'verror' => '/home/steiner/disk/disk1/cache/typescript/4.2/node_modules/@types/verror/index.d.ts'
[14:15:30.913] Adding entry into typings cache: 'watchpack' => '/home/steiner/disk/disk1/cache/typescript/4.2/node_modules/@types/watchpack/index.d.ts'
[14:15:30.915] Adding entry into typings cache: 'wcwidth' => '/home/steiner/disk/disk1/cache/typescript/4.2/node_modules/@types/wcwidth/index.d.ts'
[14:15:30.917] Adding entry into typings cache: 'webpack' => '/home/steiner/disk/disk1/cache/typescript/4.2/node_modules/webpack/types.d.ts'
[14:15:30.919] Adding entry into typings cache: 'webpack-bundle-analyzer' => '/home/steiner/disk/disk1/cache/typescript/4.2/node_modules/@types/webpack-bundle-analyzer/index.d.ts'
[14:15:30.922] Adding entry into typings cache: 'webpack-dev-middleware' => '/home/steiner/disk/disk1/cache/typescript/4.2/node_modules/@types/webpack-dev-middleware/index.d.ts'
[14:15:30.924] Adding entry into typings cache: 'webpack-dev-server' => '/home/steiner/disk/disk1/cache/typescript/4.2/node_modules/@types/webpack-dev-server/index.d.ts'
[14:15:30.929] Adding entry into typings cache: 'webpack-sources' => '/home/steiner/disk/disk1/cache/typescript/4.2/node_modules/@types/webpack-sources/index.d.ts'
[14:15:30.931] Adding entry into typings cache: 'which' => '/home/steiner/disk/disk1/cache/typescript/4.2/node_modules/@types/which/index.d.ts'
[14:15:30.934] Adding entry into typings cache: 'window-size' => '/home/steiner/disk/disk1/cache/typescript/4.2/node_modules/@types/window-size/index.d.ts'
[14:15:30.936] Adding entry into typings cache: 'wordwrap' => '/home/steiner/disk/disk1/cache/typescript/4.2/node_modules/@types/wordwrap/index.d.ts'
[14:15:30.938] Adding entry into typings cache: 'wrap-ansi' => '/home/steiner/disk/disk1/cache/typescript/4.2/node_modules/@types/wrap-ansi/index.d.ts'
[14:15:30.939] Adding entry into typings cache: 'ws' => '/home/steiner/disk/disk1/cache/typescript/4.2/node_modules/@types/ws/index.d.ts'
[14:15:30.940] Adding entry into typings cache: 'xtend' => '/home/steiner/disk/disk1/cache/typescript/4.2/node_modules/@types/xtend/index.d.ts'
[14:15:30.942] Adding entry into typings cache: 'xxhashjs' => '/home/steiner/disk/disk1/cache/typescript/4.2/node_modules/@types/xxhashjs/index.d.ts'
[14:15:30.943] Adding entry into typings cache: 'y18n' => '/home/steiner/disk/disk1/cache/typescript/4.2/node_modules/@types/y18n/index.d.ts'
[14:15:30.945] Adding entry into typings cache: 'yallist' => '/home/steiner/disk/disk1/cache/typescript/4.2/node_modules/@types/yallist/index.d.ts'
[14:15:30.946] Adding entry into typings cache: 'yargs' => '/home/steiner/disk/disk1/cache/typescript/4.2/node_modules/@types/yargs/index.d.ts'
[14:15:30.948] Adding entry into typings cache: 'yargs-parser' => '/home/steiner/disk/disk1/cache/typescript/4.2/node_modules/@types/yargs-parser/index.d.ts'
[14:15:30.948] Finished processing cache location '/home/steiner/.cache/typescript/4.2'
[14:15:30.948] Process id: 31934
[14:15:30.948] NPM location: /usr/bin/npm (explicit '--npmLocation' not  provided)
[14:15:30.948] validateDefaultNpmLocation: false
[14:15:30.948] Npm config file: /home/steiner/.cache/typescript/4.2/package.json
[14:15:30.949] Updating types-registry npm package...
[14:15:30.949] Exec: /usr/bin/npm install --ignore-scripts types-registry@latest
[14:15:39.794]     Succeeded. stdout:
    
    changed 1 package, and audited 709 packages in 8s

19 packages are looking for funding
  run `npm fund` for details

16 vulnerabilities (1 moderate, 15 high)

To address issues that do not require attention, run:
  npm audit fix

To address all issues (including breaking changes), run:
  npm audit fix --force

Run `npm audit` for details.

[14:15:39.795] Updated types-registry npm package
