Info 0    [23:17:35.648] Starting TS Server
Info 1    [23:17:35.649] Version: 4.2.4
Info 2    [23:17:35.649] Arguments: /usr/bin/node /usr/local/bin/tsserver --logFile /home/steiner/disk/disk1/workspace/school-work/htmlwork/.log/tsserver.log --logVerbosity info --cancellationPipeName /tmp/89b52e9c20338405cc3616e8811b0b76/tscancellation*
Info 3    [23:17:35.649] Platform: linux NodeVersion: 10 CaseSensitive: true
Info 4    [23:17:35.649] ServerMode: undefined syntaxOnly: false hasUnknownServerMode: undefined
Info 5    [23:17:35.665] Search path: /home/steiner/disk/disk1/workspace/school-work/htmlwork/src/router
Info 6    [23:17:35.667] For info: /home/steiner/disk/disk1/workspace/school-work/htmlwork/src/router/index.ts :: Config file name: /home/steiner/disk/disk1/workspace/school-work/htmlwork/tsconfig.json
Info 7    [23:17:35.667] Opened configuration file /home/steiner/disk/disk1/workspace/school-work/htmlwork/tsconfig.json
Info 8    [23:17:35.697] Config: /home/steiner/disk/disk1/workspace/school-work/htmlwork/tsconfig.json : {
 "rootNames": [
  "/home/steiner/disk/disk1/workspace/school-work/htmlwork/src/main.ts",
  "/home/steiner/disk/disk1/workspace/school-work/htmlwork/src/shims-vue.d.ts",
  "/home/steiner/disk/disk1/workspace/school-work/htmlwork/src/draw/fivecircle.ts",
  "/home/steiner/disk/disk1/workspace/school-work/htmlwork/src/draw/house.ts",
  "/home/steiner/disk/disk1/workspace/school-work/htmlwork/src/draw/pie.ts",
  "/home/steiner/disk/disk1/workspace/school-work/htmlwork/src/draw/rect.ts",
  "/home/steiner/disk/disk1/workspace/school-work/htmlwork/src/draw/umbrella.ts",
  "/home/steiner/disk/disk1/workspace/school-work/htmlwork/src/model/task.ts",
  "/home/steiner/disk/disk1/workspace/school-work/htmlwork/src/router/index.ts"
 ],
 "options": {
  "target": 1,
  "module": 99,
  "strict": true,
  "jsx": 1,
  "importHelpers": true,
  "moduleResolution": 2,
  "skipLibCheck": true,
  "esModuleInterop": true,
  "allowSyntheticDefaultImports": true,
  "sourceMap": true,
  "baseUrl": "/home/steiner/disk/disk1/workspace/school-work/htmlwork",
  "types": [
   "webpack-env"
  ],
  "paths": {
   "@/*": [
    "src/*"
   ]
  },
  "lib": [
   "lib.esnext.d.ts",
   "lib.dom.d.ts",
   "lib.dom.iterable.d.ts",
   "lib.scripthost.d.ts"
  ],
  "pathsBasePath": "/home/steiner/disk/disk1/workspace/school-work/htmlwork",
  "configFilePath": "/home/steiner/disk/disk1/workspace/school-work/htmlwork/tsconfig.json"
 }
}
Info 9    [23:17:35.705] Starting updateGraphWorker: Project: /home/steiner/disk/disk1/workspace/school-work/htmlwork/tsconfig.json
Info 10   [23:17:38.070] Finishing updateGraphWorker: Project: /home/steiner/disk/disk1/workspace/school-work/htmlwork/tsconfig.json Version: 1 structureChanged: true Elapsed: 2365.495260000229ms
Info 11   [23:17:38.071] Project '/home/steiner/disk/disk1/workspace/school-work/htmlwork/tsconfig.json' (Configured)
Info 12   [23:17:38.071] 	Files (67)

Info 13   [23:17:38.071] -----------------------------------------------
Info 14   [23:17:38.084] Starting updateGraphWorker: Project: /dev/null/autoImportProviderProject1*
Info 15   [23:17:38.090] Finishing updateGraphWorker: Project: /dev/null/autoImportProviderProject1* Version: 1 structureChanged: true Elapsed: 5.84977100789547ms
Info 16   [23:17:38.090] Project '/dev/null/autoImportProviderProject1*' (AutoImportProvider)
Info 17   [23:17:38.090] 	Files (1)

Info 18   [23:17:38.090] -----------------------------------------------
Info 19   [23:17:40.136] Starting updateGraphWorker: Project: /home/steiner/disk/disk1/workspace/school-work/htmlwork/tsconfig.json
Info 20   [23:17:40.156] Finishing updateGraphWorker: Project: /home/steiner/disk/disk1/workspace/school-work/htmlwork/tsconfig.json Version: 2 structureChanged: false Elapsed: 20.33093799650669ms
Info 21   [23:17:40.157] Different program with same set of files:: structureIsReused:: 2
Info 22   [23:17:40.473] Starting updateGraphWorker: Project: /home/steiner/disk/disk1/workspace/school-work/htmlwork/tsconfig.json
Info 23   [23:17:40.482] Finishing updateGraphWorker: Project: /home/steiner/disk/disk1/workspace/school-work/htmlwork/tsconfig.json Version: 3 structureChanged: false Elapsed: 8.62100100517273ms
Info 24   [23:17:40.482] Different program with same set of files:: structureIsReused:: 2
Info 25   [23:17:41.336] Starting updateGraphWorker: Project: /home/steiner/disk/disk1/workspace/school-work/htmlwork/tsconfig.json
Info 26   [23:17:41.375] Finishing updateGraphWorker: Project: /home/steiner/disk/disk1/workspace/school-work/htmlwork/tsconfig.json Version: 4 structureChanged: true Elapsed: 39.055066004395485ms
Info 27   [23:17:41.376] Different program with same set of files:: structureIsReused:: 1
Info 28   [23:17:44.404] Starting updateGraphWorker: Project: /home/steiner/disk/disk1/workspace/school-work/htmlwork/tsconfig.json
Info 29   [23:17:44.426] Finishing updateGraphWorker: Project: /home/steiner/disk/disk1/workspace/school-work/htmlwork/tsconfig.json Version: 5 structureChanged: false Elapsed: 21.56768099963665ms
Info 30   [23:17:44.427] Different program with same set of files:: structureIsReused:: 2
Info 31   [23:17:44.705] Starting updateGraphWorker: Project: /home/steiner/disk/disk1/workspace/school-work/htmlwork/tsconfig.json
Info 32   [23:17:44.731] Finishing updateGraphWorker: Project: /home/steiner/disk/disk1/workspace/school-work/htmlwork/tsconfig.json Version: 6 structureChanged: false Elapsed: 25.607710003852844ms
Info 33   [23:17:44.732] Different program with same set of files:: structureIsReused:: 2
Info 34   [23:17:45.776] Starting updateGraphWorker: Project: /home/steiner/disk/disk1/workspace/school-work/htmlwork/tsconfig.json
Info 35   [23:17:45.809] Finishing updateGraphWorker: Project: /home/steiner/disk/disk1/workspace/school-work/htmlwork/tsconfig.json Version: 7 structureChanged: false Elapsed: 32.78890599310398ms
Info 36   [23:17:45.810] Different program with same set of files:: structureIsReused:: 2
Info 37   [23:17:46.134] Starting updateGraphWorker: Project: /home/steiner/disk/disk1/workspace/school-work/htmlwork/tsconfig.json
Info 38   [23:17:46.141] Finishing updateGraphWorker: Project: /home/steiner/disk/disk1/workspace/school-work/htmlwork/tsconfig.json Version: 8 structureChanged: false Elapsed: 6.0164600014686584ms
Info 39   [23:17:46.141] Different program with same set of files:: structureIsReused:: 2
Info 40   [23:17:49.014] Starting updateGraphWorker: Project: /home/steiner/disk/disk1/workspace/school-work/htmlwork/tsconfig.json
Info 41   [23:17:49.050] Finishing updateGraphWorker: Project: /home/steiner/disk/disk1/workspace/school-work/htmlwork/tsconfig.json Version: 9 structureChanged: true Elapsed: 35.72606700658798ms
Info 42   [23:17:49.050] Different program with same set of files:: structureIsReused:: 1
Info 43   [23:17:49.359] Starting updateGraphWorker: Project: /home/steiner/disk/disk1/workspace/school-work/htmlwork/tsconfig.json
Info 44   [23:17:49.376] Finishing updateGraphWorker: Project: /home/steiner/disk/disk1/workspace/school-work/htmlwork/tsconfig.json Version: 10 structureChanged: true Elapsed: 16.096087008714676ms
Info 45   [23:17:49.376] Different program with same set of files:: structureIsReused:: 1
